0 info it worked if it ends with ok
1 verbose cli [ 'node',
1 verbose cli   '/usr/local/bin/npm',
1 verbose cli   'install',
1 verbose cli   'https://github.com/danielcrisp/angular-rangeslider.git' ]
2 info using npm@1.4.9
3 info using node@v0.10.32
4 warn package.json dawn2@1.0.0 No repository field.
5 warn package.json dawn2@1.0.0 No README data
6 verbose readDependencies using package.json deps
7 verbose cache add [ 'https://github.com/danielcrisp/angular-rangeslider.git',
7 verbose cache add   null ]
8 verbose cache add name=undefined spec="https://github.com/danielcrisp/angular-rangeslider.git" args=["https://github.com/danielcrisp/angular-rangeslider.git",null]
9 verbose parsed url { protocol: 'https:',
9 verbose parsed url   slashes: true,
9 verbose parsed url   auth: null,
9 verbose parsed url   host: 'github.com',
9 verbose parsed url   port: null,
9 verbose parsed url   hostname: 'github.com',
9 verbose parsed url   hash: null,
9 verbose parsed url   search: null,
9 verbose parsed url   query: null,
9 verbose parsed url   pathname: '/danielcrisp/angular-rangeslider.git',
9 verbose parsed url   path: '/danielcrisp/angular-rangeslider.git',
9 verbose parsed url   href: 'https://github.com/danielcrisp/angular-rangeslider.git' }
10 silly lockFile 9525e146-ielcrisp-angular-rangeslider-git https://github.com/danielcrisp/angular-rangeslider.git
11 verbose lock https://github.com/danielcrisp/angular-rangeslider.git /Users/ericever/.npm/9525e146-ielcrisp-angular-rangeslider-git.lock
12 verbose addRemoteTarball [ 'https://github.com/danielcrisp/angular-rangeslider.git',
12 verbose addRemoteTarball   null ]
13 info retry fetch attempt 1 at 14:55:30
14 verbose fetch to= /Users/ericever/tmp/npm-3718-FM4svbQ4/1414392930696-0.5075289360247552/tmp.tgz
15 http GET https://github.com/danielcrisp/angular-rangeslider.git
16 http 200 https://github.com/danielcrisp/angular-rangeslider.git
17 verbose tar unpack /Users/ericever/tmp/npm-3718-FM4svbQ4/1414392930696-0.5075289360247552/tmp.tgz
18 silly lockFile 8a41171b-221922982tmp-c4379bb90c9cpackage tar:///Users/ericever/.npm/tmp_baf221922982tmp_c4379bb90c9cpackage
19 verbose lock tar:///Users/ericever/.npm/tmp_baf221922982tmp_c4379bb90c9cpackage /Users/ericever/.npm/8a41171b-221922982tmp-c4379bb90c9cpackage.lock
20 silly lockFile b9996cb2-30696-0-5075289360247552-tmp-tgz tar:///Users/ericever/tmp/npm-3718-FM4svbQ4/1414392930696-0.5075289360247552/tmp.tgz
21 verbose lock tar:///Users/ericever/tmp/npm-3718-FM4svbQ4/1414392930696-0.5075289360247552/tmp.tgz /Users/ericever/.npm/b9996cb2-30696-0-5075289360247552-tmp-tgz.lock
22 silly gunzTarPerm modes [ '755', '644' ]
23 error not a package /Users/ericever/tmp/npm-3718-FM4svbQ4/1414392930696-0.5075289360247552/tmp.tgz
24 silly lockFile 8a41171b-221922982tmp-c4379bb90c9cpackage tar:///Users/ericever/.npm/tmp_baf221922982tmp_c4379bb90c9cpackage
25 silly lockFile 8a41171b-221922982tmp-c4379bb90c9cpackage tar:///Users/ericever/.npm/tmp_baf221922982tmp_c4379bb90c9cpackage
26 silly lockFile b9996cb2-30696-0-5075289360247552-tmp-tgz tar:///Users/ericever/tmp/npm-3718-FM4svbQ4/1414392930696-0.5075289360247552/tmp.tgz
27 silly lockFile b9996cb2-30696-0-5075289360247552-tmp-tgz tar:///Users/ericever/tmp/npm-3718-FM4svbQ4/1414392930696-0.5075289360247552/tmp.tgz
28 silly lockFile 9525e146-ielcrisp-angular-rangeslider-git https://github.com/danielcrisp/angular-rangeslider.git
29 silly lockFile 9525e146-ielcrisp-angular-rangeslider-git https://github.com/danielcrisp/angular-rangeslider.git
30 error Error: ENOENT, open '/Users/ericever/.npm/tmp_baf221922982tmp_c4379bb90c9cpackage/package.json'
31 error If you need help, you may report this *entire* log,
31 error including the npm and node versions, at:
31 error     <http://github.com/npm/npm/issues>
32 error System Darwin 14.0.0
33 error command "node" "/usr/local/bin/npm" "install" "https://github.com/danielcrisp/angular-rangeslider.git"
34 error cwd /Users/ericever/Desktop/develop/dawn_new
35 error node -v v0.10.32
36 error npm -v 1.4.9
37 error path /Users/ericever/.npm/tmp_baf221922982tmp_c4379bb90c9cpackage/package.json
38 error code ENOENT
39 error errno 34
40 verbose exit [ 34, true ]
